<?xml version="1.0" encoding="UTF-8"?><testrun name="ExisingEmployee" project="week10_java_chetana" tests="1" started="1" failures="1" errors="0" ignored="0">
  <testsuite name="com.week10_java_chetana.ExisingEmployee" time="0.372" displayname="ExisingEmployee" uniqueid="[engine:junit-jupiter]/[class:com.week10_java_chetana.ExisingEmployee]">
    <testcase name="exisingEmployee" classname="com.week10_java_chetana.ExisingEmployee" time="0.372" displayname="exisingEmployee()" uniqueid="[engine:junit-jupiter]/[class:com.week10_java_chetana.ExisingEmployee]/[method:exisingEmployee()]">
      <failure>java.lang.AssertionError&#13;
	at com.week10_java_chetana.ExisingEmployee.exisingEmployee(ExisingEmployee.java:19)&#13;
	at java.base/java.lang.reflect.Method.invoke(Method.java:568)&#13;
	at java.base/java.util.ArrayList.forEach(ArrayList.java:1511)&#13;
	at java.base/java.util.ArrayList.forEach(ArrayList.java:1511)&#13;
&#13;
</failure>
    </testcase>
  </testsuite>
</testrun>
